\\vboxsvr\np\project3\hw3allinone\np_hw3\debug\vc120.pdb
\\vboxsvr\np\project3\hw3allinone\np_hw3\debug\vc120.idb
e:\project3\hw3allinone\np_hw3\debug\vc120.pdb
e:\project3\hw3allinone\np_hw3\debug\vc120.idb
\\vboxsvr\np\project3\hw3allinone\np_hw3\debug\np_hw3.ilk
\\vboxsvr\np\project3\hw3allinone\np_hw3\debug\np_hw3.exe
\\vboxsvr\np\project3\hw3allinone\np_hw3\debug\np_hw3.pdb
e:\project3\hw3allinone\np_hw3\debug\np_hw3.ilk
e:\project3\hw3allinone\np_hw3\debug\np_hw3.exe
e:\project3\hw3allinone\np_hw3\debug\np_hw3.pdb
\\vboxsvr\np\project3\hw3allinone\np_hw3\debug\np_hw3.res
e:\project3\hw3allinone\np_hw3\debug\np_hw3.res
e:\project3\hw3allinone\np_hw3\debug\np_hw3.tlog\cl.command.1.tlog
e:\project3\hw3allinone\np_hw3\debug\np_hw3.tlog\cl.read.1.tlog
e:\project3\hw3allinone\np_hw3\debug\np_hw3.tlog\cl.write.1.tlog
e:\project3\hw3allinone\np_hw3\debug\np_hw3.tlog\link.command.1.tlog
e:\project3\hw3allinone\np_hw3\debug\np_hw3.tlog\link.read.1.tlog
e:\project3\hw3allinone\np_hw3\debug\np_hw3.tlog\link.write.1.tlog
e:\project3\hw3allinone\np_hw3\debug\np_hw3.tlog\rc.command.1.tlog
e:\project3\hw3allinone\np_hw3\debug\np_hw3.tlog\rc.read.1.tlog
e:\project3\hw3allinone\np_hw3\debug\np_hw3.tlog\rc.write.1.tlog
